Category https://it.wikipedia.org/wiki/Categoria:Musei_di_Padova
   place https://it.wikipedia.org/wiki/Museo_di_anatomia_patologica_(Padova)
   place https://it.wikipedia.org/wiki/Centro_di_Ateneo_per_i_Musei_-_CAM
[ERROR] Can't get longitude or latitude for Centro di Ateneo per i Musei - CAM
   place https://it.wikipedia.org/wiki/Collezione_privata_Safilo
   place https://it.wikipedia.org/wiki/Esapolis
   place https://it.wikipedia.org/wiki/Museo_veneto_del_giocattolo
   place https://it.wikipedia.org/wiki/Museo_antoniano
   place https://it.wikipedia.org/wiki/Museo_Bottacin
   place https://it.wikipedia.org/wiki/Museo_del_precinema
   place https://it.wikipedia.org/wiki/Museo_dell%27Educazione
   place https://it.wikipedia.org/wiki/Museo_di_Antropologia_(Padova)
[ERROR] Can't get longitude or latitude for Museo di Antropologia (Padova)
   place https://it.wikipedia.org/wiki/Museo_di_geografia_dell%27Universit%C3%A0_di_Padova
   place https://it.wikipedia.org/wiki/Museo_di_storia_della_fisica_dell%27Universit%C3%A0_di_Padova
   place https://it.wikipedia.org/wiki/Museo_diocesano_(Padova)
   place https://it.wikipedia.org/wiki/Palazzo_Zuckermann
   place https://it.wikipedia.org/wiki/Specola_di_Padova
   place https://it.wikipedia.org/wiki/MUSME
   place https://it.wikipedia.org/wiki/Tempio_nazionale_dell%27internato_ignoto
Category https://it.wikipedia.org/wiki/Categoria:Architetture_di_Padova
   place https://it.wikipedia.org/wiki/Utente:AnnLS/Sandbox
   place https://it.wikipedia.org/wiki/Caff%C3%A8_Pedrocchi
   place https://it.wikipedia.org/wiki/Casa_canonicale_di_Francesco_Petrarca
[ERROR] Can't get longitude or latitude for Casa canonicale di Francesco Petrarca
   place https://it.wikipedia.org/wiki/Casa_di_Galileo_Galilei_(Padova)
[ERROR] Can't get longitude or latitude for Casa di Galileo Galilei (Padova)
   place https://it.wikipedia.org/wiki/Cimitero_Maggiore_(Padova)
   place https://it.wikipedia.org/wiki/Costruzioni_di_Padova_per_altezza
[ERROR] Can't get longitude or latitude for Costruzioni di Padova per altezza
   place https://it.wikipedia.org/wiki/Fornace_Morandi
[ERROR] Can't get longitude or latitude for Fornace Morandi
   place https://it.wikipedia.org/wiki/Liston
[ERROR] Can't get longitude or latitude for Liston
   place https://it.wikipedia.org/wiki/Muro_di_Padova
   place https://it.wikipedia.org/wiki/Ospedale_di_San_Francesco_Grande
   place https://it.wikipedia.org/wiki/Porte_Contarine
   place https://it.wikipedia.org/wiki/Reggia_Carrarese
[ERROR] Can't get longitude or latitude for Reggia Carrarese
   place https://it.wikipedia.org/wiki/Sala_dei_Giganti_(Padova)
   place https://it.wikipedia.org/wiki/Scuola_del_Carmine
   place https://it.wikipedia.org/wiki/Scuola_della_Carit%C3%A0_(Padova)
[ERROR] Can't get longitude or latitude for Scuola della Carità (Padova)
   place https://it.wikipedia.org/wiki/Sinagoga_di_Padova_di_rito_italiano
   place https://it.wikipedia.org/wiki/Specola_di_Padova
   place https://it.wikipedia.org/wiki/Teatro_anatomico_di_Padova
[ERROR] Can't get longitude or latitude for Teatro anatomico di Padova
   place https://it.wikipedia.org/wiki/Torre_dell%27Orologio_(Padova)
   place https://it.wikipedia.org/wiki/Torre_Net
Category https://it.wikipedia.org/wiki/Categoria:Castelli_di_Padova
   place https://it.wikipedia.org/wiki/Castelvecchio_(Padova)
Category https://it.wikipedia.org/wiki/Categoria:Chiese_di_Padova
   place https://it.wikipedia.org/wiki/Chiese_di_Padova
[ERROR] Can't get longitude or latitude for Chiese di Padova
   place https://it.wikipedia.org/wiki/Chiesa_di_Sant%27Andrea_(Padova)
   place https://it.wikipedia.org/wiki/Chiesa_di_Sant%27Antonio_di_Vienna
   place https://it.wikipedia.org/wiki/Chiesa_del_Beato_Antonio_Pellegrino
   place https://it.wikipedia.org/wiki/Chiesa_di_San_Bonaventura_delle_Eremite
[ERROR] Can't get longitude or latitude for Chiesa di San Bonaventura delle Eremite
   place https://it.wikipedia.org/wiki/Battistero_di_Padova
   place https://it.wikipedia.org/wiki/Chiesa_di_San_Benedetto_Vecchio
   place https://it.wikipedia.org/wiki/Chiesa_di_San_Benedetto_Novello
   place https://it.wikipedia.org/wiki/Scuola_del_Carmine
   place https://it.wikipedia.org/wiki/Scuola_della_Carit%C3%A0_(Padova)
[ERROR] Can't get longitude or latitude for Scuola della Carità (Padova)
   place https://it.wikipedia.org/wiki/Chiesa_di_Santa_Caterina_(Padova)
   place https://it.wikipedia.org/wiki/Chiesa_di_San_Canziano_(Padova)
   place https://it.wikipedia.org/wiki/Chiesa_di_San_Carlo_Borromeo_(Padova)
   place https://it.wikipedia.org/wiki/Chiesa_di_San_Clemente_(Padova)
   place https://it.wikipedia.org/wiki/Chiesa_di_Santa_Croce_(Padova)
   place https://it.wikipedia.org/wiki/Chiesa_di_Santa_Maria_delle_Grazie_(Padova)
   place https://it.wikipedia.org/wiki/Chiesa_di_San_Daniele_(Padova)
   place https://it.wikipedia.org/wiki/Chiesa_delle_Dimesse
   place https://it.wikipedia.org/wiki/Chiesa_della_Beata_Elena
[ERROR] Can't get longitude or latitude for Chiesa della Beata Elena
   place https://it.wikipedia.org/wiki/Chiesa_di_San_Fermo_(Padova)
   place https://it.wikipedia.org/wiki/Chiesa_di_San_Francesco_Grande_(Padova)
   place https://it.wikipedia.org/wiki/Chiesa_di_San_Gaetano_(Padova)
   place https://it.wikipedia.org/wiki/Chiesa_di_San_Giovanni_Battista_alle_Navi
[ERROR] Can't get longitude or latitude for Chiesa di San Giovanni Battista alle Navi
   place https://it.wikipedia.org/wiki/Scuola_di_San_Giovanni_della_morte
[ERROR] Can't get longitude or latitude for Scuola di San Giovanni della morte
   place https://it.wikipedia.org/wiki/Scuola_di_San_Giuseppe
[ERROR] Can't get longitude or latitude for Scuola di San Giuseppe
   place https://it.wikipedia.org/wiki/Oratorio_di_San_Giorgio_(Padova)
   place https://it.wikipedia.org/wiki/Chiesa_di_San_Giovanni_Battista_(Pontevigodarzere)
   place https://it.wikipedia.org/wiki/Chiesa_dell%27Immacolata_(Padova)
   place https://it.wikipedia.org/wiki/Chiesa_di_San_Luca_Evangelista_(Padova)
[ERROR] Can't get longitude or latitude for Chiesa di San Luca Evangelista (Padova)
   place https://it.wikipedia.org/wiki/Chiesa_di_Santa_Lucia_(Padova)
   place https://it.wikipedia.org/wiki/Santuario_di_San_Leopoldo_Mandic
   place https://it.wikipedia.org/wiki/Chiesa_di_San_Massimo_(Padova)
   place https://it.wikipedia.org/wiki/Chiesa_di_Santa_Margherita_(Padova)
   place https://it.wikipedia.org/wiki/Chiesa_di_Santa_Maria_dei_Servi_(Padova)
   place https://it.wikipedia.org/wiki/Chiesa_di_Santa_Maria_del_Torresino
   place https://it.wikipedia.org/wiki/Chiesa_di_Santa_Maria_in_Vanzo
   place https://it.wikipedia.org/wiki/Oratorio_di_San_Michele_(Padova)
   place https://it.wikipedia.org/wiki/Utente:SandyZanchin/Sandbox
[ERROR] Can't get longitude or latitude for Utente:SandyZanchin/Sandbox
   place https://it.wikipedia.org/wiki/Chiesa_di_San_Michele_Arcangelo_(Padova,_Pozzoveggiani)
   place https://it.wikipedia.org/wiki/Chiesa_di_San_Michele_Arcangelo_(Padova,_Torre)
   place https://it.wikipedia.org/wiki/Chiesa_di_San_Nicol%C3%B2_(Padova)
   place https://it.wikipedia.org/wiki/Chiesa_di_Ognissanti_(Padova)
   place https://it.wikipedia.org/wiki/Oratorio_del_pio_luogo_de%27_Nazzareni
[ERROR] Can't get longitude or latitude for Oratorio del pio luogo de' Nazzareni
   place https://it.wikipedia.org/wiki/Chiesa_di_San_Pietro_Apostolo_(Padova)
   place https://it.wikipedia.org/wiki/Chiesa_di_San_Prosdocimo_(Padova)
   place https://it.wikipedia.org/wiki/Oratorio_della_Salute
[ERROR] Can't get longitude or latitude for Oratorio della Salute
   place https://it.wikipedia.org/wiki/Santuario_dell%27Arcella
   place https://it.wikipedia.org/wiki/Scuola_del_Redentore
   place https://it.wikipedia.org/wiki/Scuola_di_San_Rocco_(Padova)
   place https://it.wikipedia.org/wiki/Chiesa_di_Santa_Sofia_(Padova)
   place https://it.wikipedia.org/wiki/Chiesa_di_San_Tomaso_Cantuariense_(Padova)
   place https://it.wikipedia.org/wiki/Tempio_della_Pace_(Padova)
   place https://it.wikipedia.org/wiki/Tempio_nazionale_dell%27internato_ignoto
Category https://it.wikipedia.org/wiki/Categoria:Basiliche_di_Padova
   place https://it.wikipedia.org/wiki/Basilica_di_Sant%27Antonio_di_Padova
   place https://it.wikipedia.org/wiki/Basilica_del_Carmine_(Padova)
   place https://it.wikipedia.org/wiki/Duomo_di_Padova
   place https://it.wikipedia.org/wiki/Basilica_di_Santa_Giustina
   place https://it.wikipedia.org/wiki/Santuario_dell%27Arcella
Category https://it.wikipedia.org/wiki/Categoria:Monumenti_di_Padova
   place https://it.wikipedia.org/wiki/Arco_Valaresso
   place https://it.wikipedia.org/wiki/Monumento_equestre_al_Gattamelata
   place https://it.wikipedia.org/wiki/Giardino_dei_Giusti_del_Mondo
   place https://it.wikipedia.org/wiki/Gatta_di_Sant%27Andrea
   place https://it.wikipedia.org/wiki/Tomba_di_Antenore
Category https://it.wikipedia.org/wiki/Categoria:Mura_e_porte_di_Padova
   place https://it.wikipedia.org/wiki/Mura_di_Padova
   place https://it.wikipedia.org/wiki/Porta_Altinate
   place https://it.wikipedia.org/wiki/Porta_della_Cittadella_Vecchia
[ERROR] Can't get longitude or latitude for Porta della Cittadella Vecchia
   place https://it.wikipedia.org/wiki/Porta_Liviana
[ERROR] Can't get longitude or latitude for Porta Liviana
   place https://it.wikipedia.org/wiki/Porta_Molino
   place https://it.wikipedia.org/wiki/Porta_Ognissanti
[ERROR] Can't get longitude or latitude for Porta Ognissanti
   place https://it.wikipedia.org/wiki/Porta_San_Giovanni_(Padova)
   place https://it.wikipedia.org/wiki/Porta_Santa_Croce_(Padova)
[ERROR] Can't get longitude or latitude for Porta Santa Croce (Padova)
   place https://it.wikipedia.org/wiki/Porta_Savonarola
   place https://it.wikipedia.org/wiki/Torre_della_Catena_(Padova)
[ERROR] Can't get longitude or latitude for Torre della Catena (Padova)
Category https://it.wikipedia.org/wiki/Categoria:Palazzi_di_Padova
   place https://it.wikipedia.org/wiki/Palazzo_Angeli_(Padova)
   place https://it.wikipedia.org/wiki/Palazzo_Basadonna_Manin
[ERROR] Can't get longitude or latitude for Palazzo Basadonna Manin
   place https://it.wikipedia.org/wiki/Palazzo_del_Bo
   place https://it.wikipedia.org/wiki/Palazzo_Buzzaccarini_(Padova)
[ERROR] Can't get longitude or latitude for Palazzo Buzzaccarini (Padova)
   place https://it.wikipedia.org/wiki/Camera_di_commercio_di_Padova
[ERROR] Can't get longitude or latitude for Camera di commercio di Padova
   place https://it.wikipedia.org/wiki/Palazzo_Capodilista
   place https://it.wikipedia.org/wiki/Palazzo_Cappello
[ERROR] Can't get longitude or latitude for Palazzo Cappello
   place https://it.wikipedia.org/wiki/Centro_culturale_Altinate/San_Gaetano
   place https://it.wikipedia.org/wiki/Chiesa_di_Sant%27Eufemia_(Padova)
   place https://it.wikipedia.org/wiki/Palazzo_delle_Debite
   place https://it.wikipedia.org/wiki/Palazzo_Liviano
   place https://it.wikipedia.org/wiki/Palazzo_Maldura
   place https://it.wikipedia.org/wiki/Palazzo_del_Monte_di_Piet%C3%A0_Nuovo
   place https://it.wikipedia.org/wiki/Palazzo_del_Monte_di_Piet%C3%A0_Vecchio
   place https://it.wikipedia.org/wiki/Palazzo_Cavalli_alle_Porte_Contarine
   place https://it.wikipedia.org/wiki/Palazzo_Comunale_(Padova)
   place https://it.wikipedia.org/wiki/Palazzo_della_Ragione_(Padova)
   place https://it.wikipedia.org/wiki/Palazzo_Grimani_(Padova)
   place https://it.wikipedia.org/wiki/Palazzo_Mussato
   place https://it.wikipedia.org/wiki/Palazzo_Pisani_de_Lazzara
   place https://it.wikipedia.org/wiki/Palazzo_Trevisan-Mion
[ERROR] Can't get longitude or latitude for Palazzo Trevisan-Mion
   place https://it.wikipedia.org/wiki/Palazzo_Trieste
[ERROR] Can't get longitude or latitude for Palazzo Trieste
   place https://it.wikipedia.org/wiki/Palazzo_vescovile_di_Padova
[ERROR] Can't get longitude or latitude for Palazzo vescovile di Padova
   place https://it.wikipedia.org/wiki/Palazzo_Zacco_al_Pr%C3%A0
[ERROR] Can't get longitude or latitude for Palazzo Zacco al Prà
   place https://it.wikipedia.org/wiki/Palazzo_Zacco_di_Santa_Sofia
[ERROR] Can't get longitude or latitude for Palazzo Zacco di Santa Sofia
   place https://it.wikipedia.org/wiki/Palazzo_Papafava_dei_Carraresi
[ERROR] Can't get longitude or latitude for Palazzo Papafava dei Carraresi
   place https://it.wikipedia.org/wiki/Palazzo_Santo_Stefano
[ERROR] Can't get longitude or latitude for Palazzo Santo Stefano
   place https://it.wikipedia.org/wiki/Palazzo_Zabarella
   place https://it.wikipedia.org/wiki/Palazzo_Zuckermann
Category https://it.wikipedia.org/wiki/Categoria:Logge_di_Padova
   place https://it.wikipedia.org/wiki/Utente:Ali0311/Sandbox
   place https://it.wikipedia.org/wiki/Utente:Fratell%C3%AC%C3%AC%C3%AC/Sandbox
   place https://it.wikipedia.org/wiki/Utente:Kirarussa/Sandbox
   place https://it.wikipedia.org/wiki/Loggia_Amulea
   place https://it.wikipedia.org/wiki/Loggia_dei_Carraresi
   place https://it.wikipedia.org/wiki/Utente:Bia123gio/Sandbox
   place https://it.wikipedia.org/wiki/Loggia_e_Odeo_Cornaro
   place https://it.wikipedia.org/wiki/Utente:Michelejastefani/Sandbox
   place https://it.wikipedia.org/wiki/Loggia_del_Consiglio_(Padova)
[ERROR] Can't get longitude or latitude for Loggia del Consiglio (Padova)
   place https://it.wikipedia.org/wiki/Palazzo_del_Monte_di_Piet%C3%A0_Nuovo
   place https://it.wikipedia.org/wiki/Chiesa_di_Santa_Maria_dei_Servi_(Padova)
Category https://it.wikipedia.org/wiki/Categoria:Ponti_di_Padova
   place https://it.wikipedia.org/wiki/Ponte_di_San_Lorenzo
   place https://it.wikipedia.org/wiki/Ponte_Molino
[EXIT] [SUCCESS] Done!
